#
# There is insufficient memory for the Java Runtime Environment to continue.
# Native memory allocation (malloc) failed to allocate 1048576 bytes. Error detail: AllocateHeap
# Possible reasons:
#   The system is out of physical RAM or swap space
#   This process is running with CompressedOops enabled, and the Java Heap may be blocking the growth of the native heap
# Possible solutions:
#   Reduce memory load on the system
#   Increase physical memory or swap space
#   Check if swap backing store is full
#   Decrease Java heap size (-Xmx/-Xms)
#   Decrease number of Java threads
#   Decrease Java thread stack sizes (-Xss)
#   Set larger code cache with -XX:ReservedCodeCacheSize=
#   JVM is running with Unscaled Compressed Oops mode in which the Java heap is
#     placed in the first 4GB address space. The Java Heap base address is the
#     maximum limit for the native heap growth. Please use -XX:HeapBaseMinAddress
#     to set the Java Heap base and to place the Java Heap above 4GB virtual address.
# This output file may be truncated or incomplete.
#
#  Out of Memory Error (allocation.cpp:44), pid=2564, tid=19256
#
# JRE version: OpenJDK Runtime Environment Temurin-21.0.10+7 (21.0.10+7) (build 21.0.10+7-LTS)
# Java VM: OpenJDK 64-Bit Server VM Temurin-21.0.10+7 (21.0.10+7-LTS, mixed mode, sharing, tiered, compressed oops, compressed class ptrs, parallel gc, windows-amd64)
# No core dump will be written. Minidumps are not enabled by default on client versions of Windows
#

---------------  S U M M A R Y ------------

Command Line: --add-modules=ALL-SYSTEM --add-opens=java.base/java.util=ALL-UNNAMED --add-opens=java.base/java.lang=ALL-UNNAMED --add-opens=java.base/sun.nio.fs=ALL-UNNAMED -Declipse.application=org.eclipse.jdt.ls.core.id1 -Dosgi.bundles.defaultStartLevel=4 -Declipse.product=org.eclipse.jdt.ls.core.product -Djava.import.generatesMetadataFilesAtProjectRoot=false -DDetectVMInstallationsJob.disabled=true -Dfile.encoding=utf8 -XX:+UseParallelGC -XX:GCTimeRatio=4 -XX:AdaptiveSizePolicyWeight=90 -Dsun.zip.disableMemoryMapping=true -Xmx2G -Xms100m -Xlog:disable -javaagent:c:\Users\carlo\.antigravity\extensions\redhat.java-1.53.0-win32-x64\lombok\lombok-1.18.39-4050.jar -XX:+HeapDumpOnOutOfMemoryError -XX:HeapDumpPath=c:\Users\carlo\AppData\Roaming\Antigravity\User\workspaceStorage\a414fef71711c9455840b2ba5048b7ea\redhat.java -Daether.dependencyCollector.impl=bf c:\Users\carlo\.antigravity\extensions\redhat.java-1.53.0-win32-x64\server\plugins\org.eclipse.equinox.launcher_1.7.100.v20251111-0406.jar -configuration c:\Users\carlo\AppData\Roaming\Antigravity\User\globalStorage\redhat.java\1.53.0\config_win -data c:\Users\carlo\AppData\Roaming\Antigravity\User\workspaceStorage\a414fef71711c9455840b2ba5048b7ea\redhat.java\jdt_ws --pipe=\\.\pipe\lsp-d2d18d17848bd42771f1fa74f9fc0867-sock

Host: AMD Ryzen 5 PRO 3400G with Radeon Vega Graphics, 8 cores, 5G,  Windows 11 , 64 bit Build 26100 (10.0.26100.7920)
Time: Mon Apr 13 15:00:39 2026 Malay Peninsula Standard Time elapsed time: 20312.105664 seconds (0d 5h 38m 32s)

---------------  T H R E A D  ---------------

Current thread (0x00000121404e3cd0):  JavaThread "Attach Listener" daemon [_thread_in_vm, id=19256, stack(0x00000014ccf00000,0x00000014cd000000) (1024K)]

Stack: [0x00000014ccf00000,0x00000014cd000000]
Native frames: (J=compiled Java code, j=interpreted, Vv=VM code, C=native code)
V  [jvm.dll+0x6d7a39]
V  [jvm.dll+0x8b4b26]
V  [jvm.dll+0x8b70de]
V  [jvm.dll+0x8b77c3]
V  [jvm.dll+0x284346]
V  [jvm.dll+0xc1277]
V  [jvm.dll+0x6d82e9]
V  [jvm.dll+0x1334a6]
V  [jvm.dll+0x3f857e]
V  [jvm.dll+0x85f59d]
V  [jvm.dll+0x6d626d]
C  [ucrtbase.dll+0x37b0]
C  [KERNEL32.DLL+0x2e8d7]
C  [ntdll.dll+0x8c48c]


---------------  P R O C E S S  ---------------

Threads class SMR info:
_java_thread_list=0x0000012196bdf120, length=34, elements={
0x0000012129a69fd0, 0x00000121404dcfc0, 0x00000121404df500, 0x00000121404e3070,
0x00000121404e3cd0, 0x00000121404e91e0, 0x00000121404e9c40, 0x00000121404eca90,
0x0000012140515750, 0x00000121871914a0, 0x0000012187323880, 0x00000121876a59a0,
0x0000012187788030, 0x0000012187838ff0, 0x000001218783e150, 0x00000121875240e0,
0x0000012187156290, 0x0000012187f70f20, 0x0000012187b77e30, 0x0000012187b763f0,
0x0000012187b76a80, 0x000001218a8dd170, 0x000001218a8e05f0, 0x000001218a8de520,
0x000001218a8e0c80, 0x000001218a8dff60, 0x000001218a8dde90, 0x000001218a8df8d0,
0x000001218a8debb0, 0x000001218a8dd800, 0x000001218a8e2030, 0x000001218a8df240,
0x000001218c8d11b0, 0x000001218dfb5140
}

Java Threads: ( => current thread )
  0x0000012129a69fd0 JavaThread "main"                              [_thread_blocked, id=14388, stack(0x00000014cc800000,0x00000014cc900000) (1024K)]
  0x00000121404dcfc0 JavaThread "Reference Handler"          daemon [_thread_blocked, id=2568, stack(0x00000014ccc00000,0x00000014ccd00000) (1024K)]
  0x00000121404df500 JavaThread "Finalizer"                  daemon [_thread_blocked, id=10300, stack(0x00000014ccd00000,0x00000014cce00000) (1024K)]
  0x00000121404e3070 JavaThread "Signal Dispatcher"          daemon [_thread_blocked, id=17244, stack(0x00000014cce00000,0x00000014ccf00000) (1024K)]
=>0x00000121404e3cd0 JavaThread "Attach Listener"            daemon [_thread_in_vm, id=19256, stack(0x00000014ccf00000,0x00000014cd000000) (1024K)]
  0x00000121404e91e0 JavaThread "Service Thread"             daemon [_thread_blocked, id=20248, stack(0x00000014cd000000,0x00000014cd100000) (1024K)]
  0x00000121404e9c40 JavaThread "Monitor Deflation Thread"   daemon [_thread_blocked, id=12136, stack(0x00000014cd100000,0x00000014cd200000) (1024K)]
  0x00000121404eca90 JavaThread "C2 CompilerThread0"         daemon [_thread_blocked, id=20056, stack(0x00000014cd200000,0x00000014cd300000) (1024K)]
  0x0000012140515750 JavaThread "C1 CompilerThread0"         daemon [_thread_blocked, id=16012, stack(0x00000014cd300000,0x00000014cd400000) (1024K)]
  0x00000121871914a0 JavaThread "Common-Cleaner"             daemon [_thread_blocked, id=19980, stack(0x00000014cd400000,0x00000014cd500000) (1024K)]
  0x0000012187323880 JavaThread "Notification Thread"        daemon [_thread_blocked, id=11872, stack(0x00000014cd500000,0x00000014cd600000) (1024K)]
  0x00000121876a59a0 JavaThread "Active Thread: Equinox Container: 32d125d7-c59a-48b5-a07b-edd859ba4824"        [_thread_blocked, id=17832, stack(0x00000014cdc00000,0x00000014cdd00000) (1024K)]
  0x0000012187788030 JavaThread "Refresh Thread: Equinox Container: 32d125d7-c59a-48b5-a07b-edd859ba4824" daemon [_thread_blocked, id=10544, stack(0x00000014cde00000,0x00000014cdf00000) (1024K)]
  0x0000012187838ff0 JavaThread "Framework Event Dispatcher: Equinox Container: 32d125d7-c59a-48b5-a07b-edd859ba4824" daemon [_thread_blocked, id=4936, stack(0x00000014cdf00000,0x00000014ce000000) (1024K)]
  0x000001218783e150 JavaThread "Start Level: Equinox Container: 32d125d7-c59a-48b5-a07b-edd859ba4824" daemon [_thread_blocked, id=3632, stack(0x00000014ce000000,0x00000014ce100000) (1024K)]
  0x00000121875240e0 JavaThread "Bundle File Closer"         daemon [_thread_blocked, id=19060, stack(0x00000014ce200000,0x00000014ce300000) (1024K)]
  0x0000012187156290 JavaThread "SCR Component Actor"        daemon [_thread_blocked, id=9892, stack(0x00000014ce100000,0x00000014ce200000) (1024K)]
  0x0000012187f70f20 JavaThread "Worker-JM"                         [_thread_blocked, id=11104, stack(0x00000014ce400000,0x00000014ce500000) (1024K)]
  0x0000012187b77e30 JavaThread "Java indexing"              daemon [_thread_blocked, id=1456, stack(0x00000014ce800000,0x00000014ce900000) (1024K)]
  0x0000012187b763f0 JavaThread "JNA Cleaner"                daemon [_thread_blocked, id=11024, stack(0x00000014cea00000,0x00000014ceb00000) (1024K)]
  0x0000012187b76a80 JavaThread "Thread-1"                   daemon [_thread_in_native, id=18068, stack(0x00000014cf100000,0x00000014cf200000) (1024K)]
  0x000001218a8dd170 JavaThread "Thread-2"                   daemon [_thread_in_native, id=4880, stack(0x00000014cf200000,0x00000014cf300000) (1024K)]
  0x000001218a8e05f0 JavaThread "Thread-3"                   daemon [_thread_in_native, id=18112, stack(0x00000014cf300000,0x00000014cf400000) (1024K)]
  0x000001218a8de520 JavaThread "Thread-4"                   daemon [_thread_in_native, id=14784, stack(0x00000014cf400000,0x00000014cf500000) (1024K)]
  0x000001218a8e0c80 JavaThread "Thread-5"                   daemon [_thread_in_native, id=4808, stack(0x00000014cf500000,0x00000014cf600000) (1024K)]
  0x000001218a8dff60 JavaThread "Thread-6"                   daemon [_thread_in_native, id=10072, stack(0x00000014cf600000,0x00000014cf700000) (1024K)]
  0x000001218a8dde90 JavaThread "Thread-7"                   daemon [_thread_in_native, id=5548, stack(0x00000014cf700000,0x00000014cf800000) (1024K)]
  0x000001218a8df8d0 JavaThread "Thread-8"                   daemon [_thread_in_native, id=332, stack(0x00000014cf800000,0x00000014cf900000) (1024K)]
  0x000001218a8debb0 JavaThread "Thread-9"                   daemon [_thread_in_native, id=18980, stack(0x00000014cf900000,0x00000014cfa00000) (1024K)]
  0x000001218a8dd800 JavaThread "pool-2-thread-1"                   [_thread_blocked, id=3144, stack(0x00000014cfa00000,0x00000014cfb00000) (1024K)]
  0x000001218a8e2030 JavaThread "WorkspaceEventsHandler"            [_thread_blocked, id=1676, stack(0x00000014cfb00000,0x00000014cfc00000) (1024K)]
  0x000001218a8df240 JavaThread "pool-1-thread-1"                   [_thread_blocked, id=20388, stack(0x00000014cfc00000,0x00000014cfd00000) (1024K)]
  0x000001218c8d11b0 JavaThread "Worker-7"                          [_thread_blocked, id=7228, stack(0x00000014cc700000,0x00000014cc800000) (1024K)]
  0x000001218dfb5140 JavaThread "Worker-9"                          [_thread_blocked, id=2452, stack(0x00000014ce500000,0x00000014ce600000) (1024K)]
Total: 34

Other Threads:
  0x0000012129b2cb90 VMThread "VM Thread"                           [id=7780, stack(0x00000014ccb00000,0x00000014ccc00000) (1024K)]
  0x00000121403fca00 WatcherThread "VM Periodic Task Thread"        [id=18788, stack(0x00000014cca00000,0x00000014ccb00000) (1024K)]
  0x0000012129a88190 WorkerThread "GC Thread#0"                     [id=10444, stack(0x00000014cc900000,0x00000014cca00000) (1024K)]
  0x0000012187653060 WorkerThread "GC Thread#1"                     [id=16560, stack(0x00000014cd600000,0x00000014cd700000) (1024K)]
  0x00000121877a6270 WorkerThread "GC Thread#2"                     [id=7084, stack(0x00000014cd700000,0x00000014cd800000) (1024K)]
  0x00000121879380f0 WorkerThread "GC Thread#3"                     [id=19528, stack(0x00000014cd800000,0x00000014cd900000) (1024K)]
  0x00000121879384a0 WorkerThread "GC Thread#4"                     [id=11592, stack(0x00000014cd900000,0x00000014cda00000) (1024K)]
  0x0000012187938850 WorkerThread "GC Thread#5"                     [id=3076, stack(0x00000014cda00000,0x00000014cdb00000) (1024K)]
  0x00000121877af420 WorkerThread "GC Thread#6"                     [id=19280, stack(0x00000014cdb00000,0x00000014cdc00000) (1024K)]
  0x00000121876b5e90 WorkerThread "GC Thread#7"                     [id=4084, stack(0x00000014cdd00000,0x00000014cde00000) (1024K)]
Total: 10

Threads with active compile tasks:
Total: 0

VM state: not at safepoint (normal execution)

VM Mutex/Monitor currently owned by a thread: None

Heap address: 0x0000000080000000, size: 2048 MB, Compressed Oops mode: 32-bit

CDS archive(s) mapped at: [0x0000012141000000-0x0000012141ba0000-0x0000012141ba0000), size 12189696, SharedBaseAddress: 0x0000012141000000, ArchiveRelocationMode: 1.
Compressed class space mapped at: 0x0000012142000000-0x0000012182000000, reserved size: 1073741824
Narrow klass base: 0x0000012141000000, Narrow klass shift: 0, Narrow klass range: 0x100000000

GC Precious Log:
 CardTable entry size: 512
 CPUs: 8 total, 8 available
 Memory: 6069M
 Large Page Support: Disabled
 NUMA Support: Disabled
 Compressed Oops: Enabled (32-bit)
 Alignments: Space 512K, Generation 512K, Heap 2M
 Heap Min Capacity: 100M
 Heap Initial Capacity: 100M
 Heap Max Capacity: 2G
 Pre-touch: Disabled
 Parallel Workers: 8

Heap:
 PSYoungGen      total 14848K, used 11205K [0x00000000d5580000, 0x00000000d6600000, 0x0000000100000000)
  eden space 12800K, 73% used [0x00000000d5580000,0x00000000d5ea56a8,0x00000000d6200000)
  from space 2048K, 89% used [0x00000000d6400000,0x00000000d65cc010,0x00000000d6600000)
  to   space 2048K, 0% used [0x00000000d6200000,0x00000000d6200000,0x00000000d6400000)
 ParOldGen       total 786432K, used 530110K [0x0000000080000000, 0x00000000b0000000, 0x00000000d5580000)
  object space 786432K, 67% used [0x0000000080000000,0x00000000a05afa88,0x00000000b0000000)
 Metaspace       used 80005K, committed 81664K, reserved 1179648K
  class space    used 8224K, committed 8960K, reserved 1048576K

Card table byte_map: [0x0000012129420000,0x0000012129830000] _byte_map_base: 0x0000012129020000

Marking Bits: (ParMarkBitMap*) 0x00007ffc02b53450
 Begin Bits: [0x000001213bf20000, 0x000001213df20000)
 End Bits:   [0x000001213df20000, 0x000001213ff20000)

Polling page: 0x0000012127ce0000

Metaspace:

Usage:
  Non-class:     70.10 MB used.
      Class:      8.03 MB used.
       Both:     78.13 MB used.

Virtual space:
  Non-class space:      128.00 MB reserved,      71.00 MB ( 55%) committed,  2 nodes.
      Class space:        1.00 GB reserved,       8.75 MB ( <1%) committed,  1 nodes.
             Both:        1.12 GB reserved,      79.75 MB (  7%) committed. 

Chunk freelists:
   Non-Class:  8.84 MB
       Class:  7.10 MB
        Both:  15.94 MB

MaxMetaspaceSize: unlimited
CompressedClassSpaceSize: 1.00 GB
Initial GC threshold: 21.00 MB
Current GC threshold: 129.38 MB
CDS: on
 - commit_granule_bytes: 65536.
 - commit_granule_words: 8192.
 - virtual_space_node_default_size: 8388608.
 - enlarge_chunks_in_place: 1.
 - use_allocation_guard: 0.


Internal statistics:

num_allocs_failed_limit: 9.
num_arena_births: 1498.
num_arena_deaths: 48.
num_vsnodes_births: 3.
num_vsnodes_deaths: 0.
num_space_committed: 1276.
num_space_uncommitted: 0.
num_chunks_returned_to_freelist: 73.
num_chunks_taken_from_freelist: 5202.
num_chunk_merges: 21.
num_chunk_splits: 3150.
num_chunks_enlarged: 1799.
num_inconsistent_stats: 0.

CodeHeap 'non-profiled nmethods': size=120000Kb used=19167Kb max_used=19167Kb free=100832Kb
 bounds [0x0000012134740000, 0x0000012135a00000, 0x000001213bc70000]
CodeHeap 'profiled nmethods': size=120000Kb used=46854Kb max_used=46854Kb free=73145Kb
 bounds [0x000001212cc70000, 0x000001212fa40000, 0x00000121341a0000]
CodeHeap 'non-nmethods': size=5760Kb used=1492Kb max_used=1596Kb free=4267Kb
 bounds [0x00000121341a0000, 0x0000012134410000, 0x0000012134740000]
CodeCache: size=245760Kb, used=67513Kb, max_used=67617Kb, free=178244Kb
 total_blobs=19536, nmethods=18731, adapters=708, full_count=0
Compilation: enabled, stopped_count=0, restarted_count=0

Compilation events (20 events):
Event: 18566.499 Thread 0x0000012140515750 nmethod 20577 0x00000121359f3010 code [0x00000121359f31a0, 0x00000121359f3268]
Event: 18566.506 Thread 0x00000121404eca90 nmethod 20561 0x00000121359f3310 code [0x00000121359f36e0, 0x00000121359f51f8]
Event: 18733.255 Thread 0x00000121404eca90 20578       4       org.eclipse.core.internal.resources.ResourceInfo::isSet (11 bytes)
Event: 18733.257 Thread 0x00000121404eca90 nmethod 20578 0x00000121359f6890 code [0x00000121359f6a00, 0x00000121359f6a70]
Event: 18733.292 Thread 0x0000012140515750 20579       3       sun.nio.ch.AsynchronousFileChannelImpl::read (9 bytes)
Event: 18733.296 Thread 0x0000012140515750 nmethod 20579 0x000001212fa30b10 code [0x000001212fa30cc0, 0x000001212fa30ea0]
Event: 18905.940 Thread 0x00000121404eca90 20580       4       java.util.concurrent.ScheduledThreadPoolExecutor$ScheduledFutureTask::getDelay (16 bytes)
Event: 18905.957 Thread 0x00000121404eca90 nmethod 20580 0x00000121359f6b90 code [0x00000121359f6d40, 0x00000121359f6ed8]
Event: 19423.416 Thread 0x00000121404eca90 20581       4       java.util.Locale::getDefault (4 bytes)
Event: 19423.426 Thread 0x00000121404eca90 nmethod 20581 0x00000121359f7090 code [0x00000121359f7220, 0x00000121359f72a0]
Event: 19578.443 Thread 0x0000012140515750 20582       3       java.nio.ByteBuffer::clear (7 bytes)
Event: 19578.460 Thread 0x0000012140515750 nmethod 20582 0x000001212fa30f90 code [0x000001212fa31140, 0x000001212fa312c0]
Event: 19578.587 Thread 0x0000012140515750 20583       1       org.eclipse.core.internal.resources.WorkspaceRoot::getProject (2 bytes)
Event: 19578.588 Thread 0x00000121404eca90 20584       4       java.net.URI::isOpaque (13 bytes)
Event: 19578.592 Thread 0x0000012140515750 nmethod 20583 0x00000121359f7390 code [0x00000121359f7520, 0x00000121359f75f0]
Event: 19578.598 Thread 0x00000121404eca90 nmethod 20584 0x00000121359f7690 code [0x00000121359f7820, 0x00000121359f78c8]
Event: 19595.909 Thread 0x0000012140515750 20585       3       org.eclipse.lsp4j.jsonrpc.util.LimitedInputStream::read (56 bytes)
Event: 19595.922 Thread 0x00000121404eca90 20586       4       org.eclipse.core.internal.resources.Resource::getLocalManager (8 bytes)
Event: 19595.926 Thread 0x0000012140515750 nmethod 20585 0x000001212fa31390 code [0x000001212fa31560, 0x000001212fa318b0]
Event: 19595.955 Thread 0x00000121404eca90 nmethod 20586 0x00000121359f7990 code [0x00000121359f7b20, 0x00000121359f7bc8]

GC Heap History (20 events):
Event: 15929.369 GC heap before
{Heap before GC invocations=1357 (full 4):
 PSYoungGen      total 15360K, used 15349K [0x00000000d5580000, 0x00000000d6c80000, 0x0000000100000000)
  eden space 14336K, 100% used [0x00000000d5580000,0x00000000d6380000,0x00000000d6380000)
  from space 1024K, 98% used [0x00000000d6780000,0x00000000d687d6b8,0x00000000d6880000)
  to   space 4096K, 0% used [0x00000000d6380000,0x00000000d6380000,0x00000000d6780000)
 ParOldGen       total 786432K, used 516544K [0x0000000080000000, 0x00000000b0000000, 0x00000000d5580000)
  object space 786432K, 65% used [0x0000000080000000,0x000000009f8701a8,0x00000000b0000000)
 Metaspace       used 79889K, committed 81600K, reserved 1179648K
  class space    used 8221K, committed 8960K, reserved 1048576K
}
Event: 15929.376 GC heap after
{Heap after GC invocations=1357 (full 4):
 PSYoungGen      total 15872K, used 1520K [0x00000000d5580000, 0x00000000d6880000, 0x0000000100000000)
  eden space 14336K, 0% used [0x00000000d5580000,0x00000000d5580000,0x00000000d6380000)
  from space 1536K, 98% used [0x00000000d6380000,0x00000000d64fc030,0x00000000d6500000)
  to   space 2560K, 0% used [0x00000000d6600000,0x00000000d6600000,0x00000000d6880000)
 ParOldGen       total 786432K, used 517556K [0x0000000080000000, 0x00000000b0000000, 0x00000000d5580000)
  object space 786432K, 65% used [0x0000000080000000,0x000000009f96d320,0x00000000b0000000)
 Metaspace       used 79889K, committed 81600K, reserved 1179648K
  class space    used 8221K, committed 8960K, reserved 1048576K
}
Event: 15929.471 GC heap before
{Heap before GC invocations=1358 (full 4):
 PSYoungGen      total 15872K, used 15856K [0x00000000d5580000, 0x00000000d6880000, 0x0000000100000000)
  eden space 14336K, 100% used [0x00000000d5580000,0x00000000d6380000,0x00000000d6380000)
  from space 1536K, 98% used [0x00000000d6380000,0x00000000d64fc030,0x00000000d6500000)
  to   space 2560K, 0% used [0x00000000d6600000,0x00000000d6600000,0x00000000d6880000)
 ParOldGen       total 786432K, used 517556K [0x0000000080000000, 0x00000000b0000000, 0x00000000d5580000)
  object space 786432K, 65% used [0x0000000080000000,0x000000009f96d320,0x00000000b0000000)
 Metaspace       used 79893K, committed 81600K, reserved 1179648K
  class space    used 8221K, committed 8960K, reserved 1048576K
}
Event: 15929.481 GC heap after
{Heap after GC invocations=1358 (full 4):
 PSYoungGen      total 16384K, used 1600K [0x00000000d5580000, 0x00000000d6800000, 0x0000000100000000)
  eden space 14336K, 0% used [0x00000000d5580000,0x00000000d5580000,0x00000000d6380000)
  from space 2048K, 78% used [0x00000000d6600000,0x00000000d6790040,0x00000000d6800000)
  to   space 2048K, 0% used [0x00000000d6400000,0x00000000d6400000,0x00000000d6600000)
 ParOldGen       total 786432K, used 518972K [0x0000000080000000, 0x00000000b0000000, 0x00000000d5580000)
  object space 786432K, 65% used [0x0000000080000000,0x000000009facf3e0,0x00000000b0000000)
 Metaspace       used 79893K, committed 81600K, reserved 1179648K
  class space    used 8221K, committed 8960K, reserved 1048576K
}
Event: 16196.688 GC heap before
{Heap before GC invocations=1359 (full 4):
 PSYoungGen      total 16384K, used 15936K [0x00000000d5580000, 0x00000000d6800000, 0x0000000100000000)
  eden space 14336K, 100% used [0x00000000d5580000,0x00000000d6380000,0x00000000d6380000)
  from space 2048K, 78% used [0x00000000d6600000,0x00000000d6790040,0x00000000d6800000)
  to   space 2048K, 0% used [0x00000000d6400000,0x00000000d6400000,0x00000000d6600000)
 ParOldGen       total 786432K, used 518972K [0x0000000080000000, 0x00000000b0000000, 0x00000000d5580000)
  object space 786432K, 65% used [0x0000000080000000,0x000000009facf3e0,0x00000000b0000000)
 Metaspace       used 79923K, committed 81600K, reserved 1179648K
  class space    used 8223K, committed 8960K, reserved 1048576K
}
Event: 16197.058 GC heap after
{Heap after GC invocations=1359 (full 4):
 PSYoungGen      total 15872K, used 1354K [0x00000000d5580000, 0x00000000d6680000, 0x0000000100000000)
  eden space 14336K, 0% used [0x00000000d5580000,0x00000000d5580000,0x00000000d6380000)
  from space 1536K, 88% used [0x00000000d6400000,0x00000000d6552980,0x00000000d6580000)
  to   space 1024K, 0% used [0x00000000d6580000,0x00000000d6580000,0x00000000d6680000)
 ParOldGen       total 786432K, used 520417K [0x0000000080000000, 0x00000000b0000000, 0x00000000d5580000)
  object space 786432K, 66% used [0x0000000080000000,0x000000009fc38490,0x00000000b0000000)
 Metaspace       used 79923K, committed 81600K, reserved 1179648K
  class space    used 8223K, committed 8960K, reserved 1048576K
}
Event: 18563.798 GC heap before
{Heap before GC invocations=1360 (full 4):
 PSYoungGen      total 15872K, used 15690K [0x00000000d5580000, 0x00000000d6680000, 0x0000000100000000)
  eden space 14336K, 100% used [0x00000000d5580000,0x00000000d6380000,0x00000000d6380000)
  from space 1536K, 88% used [0x00000000d6400000,0x00000000d6552980,0x00000000d6580000)
  to   space 1024K, 0% used [0x00000000d6580000,0x00000000d6580000,0x00000000d6680000)
 ParOldGen       total 786432K, used 520417K [0x0000000080000000, 0x00000000b0000000, 0x00000000d5580000)
  object space 786432K, 66% used [0x0000000080000000,0x000000009fc38490,0x00000000b0000000)
 Metaspace       used 79938K, committed 81600K, reserved 1179648K
  class space    used 8223K, committed 8960K, reserved 1048576K
}
Event: 18564.004 GC heap after
{Heap after GC invocations=1360 (full 4):
 PSYoungGen      total 13824K, used 1009K [0x00000000d5580000, 0x00000000d6a80000, 0x0000000100000000)
  eden space 12800K, 0% used [0x00000000d5580000,0x00000000d5580000,0x00000000d6200000)
  from space 1024K, 98% used [0x00000000d6580000,0x00000000d667c710,0x00000000d6680000)
  to   space 3584K, 0% used [0x00000000d6200000,0x00000000d6200000,0x00000000d6580000)
 ParOldGen       total 786432K, used 522453K [0x0000000080000000, 0x00000000b0000000, 0x00000000d5580000)
  object space 786432K, 66% used [0x0000000080000000,0x000000009fe35650,0x00000000b0000000)
 Metaspace       used 79938K, committed 81600K, reserved 1179648K
  class space    used 8223K, committed 8960K, reserved 1048576K
}
Event: 18564.369 GC heap before
{Heap before GC invocations=1361 (full 4):
 PSYoungGen      total 13824K, used 13809K [0x00000000d5580000, 0x00000000d6a80000, 0x0000000100000000)
  eden space 12800K, 100% used [0x00000000d5580000,0x00000000d6200000,0x00000000d6200000)
  from space 1024K, 98% used [0x00000000d6580000,0x00000000d667c710,0x00000000d6680000)
  to   space 3584K, 0% used [0x00000000d6200000,0x00000000d6200000,0x00000000d6580000)
 ParOldGen       total 786432K, used 522453K [0x0000000080000000, 0x00000000b0000000, 0x00000000d5580000)
  object space 786432K, 66% used [0x0000000080000000,0x000000009fe35650,0x00000000b0000000)
 Metaspace       used 79959K, committed 81600K, reserved 1179648K
  class space    used 8224K, committed 8960K, reserved 1048576K
}
Event: 18564.394 GC heap after
{Heap after GC invocations=1361 (full 4):
 PSYoungGen      total 14336K, used 1184K [0x00000000d5580000, 0x00000000d6600000, 0x0000000100000000)
  eden space 12800K, 0% used [0x00000000d5580000,0x00000000d5580000,0x00000000d6200000)
  from space 1536K, 77% used [0x00000000d6200000,0x00000000d6328020,0x00000000d6380000)
  to   space 2048K, 0% used [0x00000000d6400000,0x00000000d6400000,0x00000000d6600000)
 ParOldGen       total 786432K, used 523388K [0x0000000080000000, 0x00000000b0000000, 0x00000000d5580000)
  object space 786432K, 66% used [0x0000000080000000,0x000000009ff1f028,0x00000000b0000000)
 Metaspace       used 79959K, committed 81600K, reserved 1179648K
  class space    used 8224K, committed 8960K, reserved 1048576K
}
Event: 18565.491 GC heap before
{Heap before GC invocations=1362 (full 4):
 PSYoungGen      total 14336K, used 13984K [0x00000000d5580000, 0x00000000d6600000, 0x0000000100000000)
  eden space 12800K, 100% used [0x00000000d5580000,0x00000000d6200000,0x00000000d6200000)
  from space 1536K, 77% used [0x00000000d6200000,0x00000000d6328020,0x00000000d6380000)
  to   space 2048K, 0% used [0x00000000d6400000,0x00000000d6400000,0x00000000d6600000)
 ParOldGen       total 786432K, used 523388K [0x0000000080000000, 0x00000000b0000000, 0x00000000d5580000)
  object space 786432K, 66% used [0x0000000080000000,0x000000009ff1f028,0x00000000b0000000)
 Metaspace       used 79959K, committed 81600K, reserved 1179648K
  class space    used 8224K, committed 8960K, reserved 1048576K
}
Event: 18565.500 GC heap after
{Heap after GC invocations=1362 (full 4):
 PSYoungGen      total 14336K, used 1200K [0x00000000d5580000, 0x00000000d6580000, 0x0000000100000000)
  eden space 12800K, 0% used [0x00000000d5580000,0x00000000d5580000,0x00000000d6200000)
  from space 1536K, 78% used [0x00000000d6400000,0x00000000d652c050,0x00000000d6580000)
  to   space 1536K, 0% used [0x00000000d6200000,0x00000000d6200000,0x00000000d6380000)
 ParOldGen       total 786432K, used 524436K [0x0000000080000000, 0x00000000b0000000, 0x00000000d5580000)
  object space 786432K, 66% used [0x0000000080000000,0x00000000a00250c8,0x00000000b0000000)
 Metaspace       used 79959K, committed 81600K, reserved 1179648K
  class space    used 8224K, committed 8960K, reserved 1048576K
}
Event: 18566.013 GC heap before
{Heap before GC invocations=1363 (full 4):
 PSYoungGen      total 14336K, used 14000K [0x00000000d5580000, 0x00000000d6580000, 0x0000000100000000)
  eden space 12800K, 100% used [0x00000000d5580000,0x00000000d6200000,0x00000000d6200000)
  from space 1536K, 78% used [0x00000000d6400000,0x00000000d652c050,0x00000000d6580000)
  to   space 1536K, 0% used [0x00000000d6200000,0x00000000d6200000,0x00000000d6380000)
 ParOldGen       total 786432K, used 524436K [0x0000000080000000, 0x00000000b0000000, 0x00000000d5580000)
  object space 786432K, 66% used [0x0000000080000000,0x00000000a00250c8,0x00000000b0000000)
 Metaspace       used 79970K, committed 81600K, reserved 1179648K
  class space    used 8224K, committed 8960K, reserved 1048576K
}
Event: 18566.024 GC heap after
{Heap after GC invocations=1363 (full 4):
 PSYoungGen      total 14336K, used 1534K [0x00000000d5580000, 0x00000000d6800000, 0x0000000100000000)
  eden space 12800K, 0% used [0x00000000d5580000,0x00000000d5580000,0x00000000d6200000)
  from space 1536K, 99% used [0x00000000d6200000,0x00000000d637fba0,0x00000000d6380000)
  to   space 3072K, 0% used [0x00000000d6500000,0x00000000d6500000,0x00000000d6800000)
 ParOldGen       total 786432K, used 525652K [0x0000000080000000, 0x00000000b0000000, 0x00000000d5580000)
  object space 786432K, 66% used [0x0000000080000000,0x00000000a0155188,0x00000000b0000000)
 Metaspace       used 79970K, committed 81600K, reserved 1179648K
  class space    used 8224K, committed 8960K, reserved 1048576K
}
Event: 18566.158 GC heap before
{Heap before GC invocations=1364 (full 4):
 PSYoungGen      total 14336K, used 14334K [0x00000000d5580000, 0x00000000d6800000, 0x0000000100000000)
  eden space 12800K, 100% used [0x00000000d5580000,0x00000000d6200000,0x00000000d6200000)
  from space 1536K, 99% used [0x00000000d6200000,0x00000000d637fba0,0x00000000d6380000)
  to   space 3072K, 0% used [0x00000000d6500000,0x00000000d6500000,0x00000000d6800000)
 ParOldGen       total 786432K, used 525652K [0x0000000080000000, 0x00000000b0000000, 0x00000000d5580000)
  object space 786432K, 66% used [0x0000000080000000,0x00000000a0155188,0x00000000b0000000)
 Metaspace       used 79976K, committed 81600K, reserved 1179648K
  class space    used 8224K, committed 8960K, reserved 1048576K
}
Event: 18566.172 GC heap after
{Heap after GC invocations=1364 (full 4):
 PSYoungGen      total 15360K, used 2099K [0x00000000d5580000, 0x00000000d6780000, 0x0000000100000000)
  eden space 12800K, 0% used [0x00000000d5580000,0x00000000d5580000,0x00000000d6200000)
  from space 2560K, 82% used [0x00000000d6500000,0x00000000d670cf78,0x00000000d6780000)
  to   space 2560K, 0% used [0x00000000d6280000,0x00000000d6280000,0x00000000d6500000)
 ParOldGen       total 786432K, used 527025K [0x0000000080000000, 0x00000000b0000000, 0x00000000d5580000)
  object space 786432K, 67% used [0x0000000080000000,0x00000000a02ac688,0x00000000b0000000)
 Metaspace       used 79976K, committed 81600K, reserved 1179648K
  class space    used 8224K, committed 8960K, reserved 1048576K
}
Event: 18566.219 GC heap before
{Heap before GC invocations=1365 (full 4):
 PSYoungGen      total 15360K, used 14899K [0x00000000d5580000, 0x00000000d6780000, 0x0000000100000000)
  eden space 12800K, 100% used [0x00000000d5580000,0x00000000d6200000,0x00000000d6200000)
  from space 2560K, 82% used [0x00000000d6500000,0x00000000d670cf78,0x00000000d6780000)
  to   space 2560K, 0% used [0x00000000d6280000,0x00000000d6280000,0x00000000d6500000)
 ParOldGen       total 786432K, used 527025K [0x0000000080000000, 0x00000000b0000000, 0x00000000d5580000)
  object space 786432K, 67% used [0x0000000080000000,0x00000000a02ac688,0x00000000b0000000)
 Metaspace       used 79976K, committed 81600K, reserved 1179648K
  class space    used 8224K, committed 8960K, reserved 1048576K
}
Event: 18566.230 GC heap after
{Heap after GC invocations=1365 (full 4):
 PSYoungGen      total 14336K, used 1248K [0x00000000d5580000, 0x00000000d6600000, 0x0000000100000000)
  eden space 12800K, 0% used [0x00000000d5580000,0x00000000d5580000,0x00000000d6200000)
  from space 1536K, 81% used [0x00000000d6280000,0x00000000d63b8040,0x00000000d6400000)
  to   space 2048K, 0% used [0x00000000d6400000,0x00000000d6400000,0x00000000d6600000)
 ParOldGen       total 786432K, used 528990K [0x0000000080000000, 0x00000000b0000000, 0x00000000d5580000)
  object space 786432K, 67% used [0x0000000080000000,0x00000000a04979e8,0x00000000b0000000)
 Metaspace       used 79976K, committed 81600K, reserved 1179648K
  class space    used 8224K, committed 8960K, reserved 1048576K
}
Event: 18566.321 GC heap before
{Heap before GC invocations=1366 (full 4):
 PSYoungGen      total 14336K, used 14048K [0x00000000d5580000, 0x00000000d6600000, 0x0000000100000000)
  eden space 12800K, 100% used [0x00000000d5580000,0x00000000d6200000,0x00000000d6200000)
  from space 1536K, 81% used [0x00000000d6280000,0x00000000d63b8040,0x00000000d6400000)
  to   space 2048K, 0% used [0x00000000d6400000,0x00000000d6400000,0x00000000d6600000)
 ParOldGen       total 786432K, used 528990K [0x0000000080000000, 0x00000000b0000000, 0x00000000d5580000)
  object space 786432K, 67% used [0x0000000080000000,0x00000000a04979e8,0x00000000b0000000)
 Metaspace       used 79978K, committed 81600K, reserved 1179648K
  class space    used 8224K, committed 8960K, reserved 1048576K
}
Event: 18566.334 GC heap after
{Heap after GC invocations=1366 (full 4):
 PSYoungGen      total 14848K, used 1840K [0x00000000d5580000, 0x00000000d6600000, 0x0000000100000000)
  eden space 12800K, 0% used [0x00000000d5580000,0x00000000d5580000,0x00000000d6200000)
  from space 2048K, 89% used [0x00000000d6400000,0x00000000d65cc010,0x00000000d6600000)
  to   space 2048K, 0% used [0x00000000d6200000,0x00000000d6200000,0x00000000d6400000)
 ParOldGen       total 786432K, used 530110K [0x0000000080000000, 0x00000000b0000000, 0x00000000d5580000)
  object space 786432K, 67% used [0x0000000080000000,0x00000000a05afa88,0x00000000b0000000)
 Metaspace       used 79978K, committed 81600K, reserved 1179648K
  class space    used 8224K, committed 8960K, reserved 1048576K
}

Dll operation events (14 events):
Event: 0.023 Loaded shared library c:\Users\carlo\.antigravity\extensions\redhat.java-1.53.0-win32-x64\jre\21.0.10-win32-x86_64\bin\java.dll
Event: 0.156 Loaded shared library c:\Users\carlo\.antigravity\extensions\redhat.java-1.53.0-win32-x64\jre\21.0.10-win32-x86_64\bin\zip.dll
Event: 0.221 Loaded shared library C:\Users\carlo\.antigravity\extensions\redhat.java-1.53.0-win32-x64\jre\21.0.10-win32-x86_64\bin\instrument.dll
Event: 0.364 Loaded shared library C:\Users\carlo\.antigravity\extensions\redhat.java-1.53.0-win32-x64\jre\21.0.10-win32-x86_64\bin\net.dll
Event: 0.496 Loaded shared library C:\Users\carlo\.antigravity\extensions\redhat.java-1.53.0-win32-x64\jre\21.0.10-win32-x86_64\bin\nio.dll
Event: 0.506 Loaded shared library C:\Users\carlo\.antigravity\extensions\redhat.java-1.53.0-win32-x64\jre\21.0.10-win32-x86_64\bin\zip.dll
Event: 0.601 Loaded shared library C:\Users\carlo\.antigravity\extensions\redhat.java-1.53.0-win32-x64\jre\21.0.10-win32-x86_64\bin\jimage.dll
Event: 0.860 Loaded shared library c:\Users\carlo\.antigravity\extensions\redhat.java-1.53.0-win32-x64\jre\21.0.10-win32-x86_64\bin\verify.dll
Event: 14.542 Loaded shared library C:\Users\carlo\AppData\Roaming\Antigravity\User\globalStorage\redhat.java\1.53.0\config_win\org.eclipse.equinox.launcher\org.eclipse.equinox.launcher.win32.win32.x86_64_1.3.0.v20260203-2149\eclipse_11919.dll
Event: 24.823 Loaded shared library C:\Users\carlo\.antigravity\extensions\redhat.java-1.53.0-win32-x64\jre\21.0.10-win32-x86_64\bin\management.dll
Event: 24.826 Loaded shared library C:\Users\carlo\.antigravity\extensions\redhat.java-1.53.0-win32-x64\jre\21.0.10-win32-x86_64\bin\management_ext.dll
Event: 26.419 Loaded shared library C:\Users\carlo\AppData\Local\Temp\jna-94431319\jna2416651273249451613.dll
Event: 26.842 Loaded shared library C:\Users\carlo\.antigravity\extensions\redhat.java-1.53.0-win32-x64\jre\21.0.10-win32-x86_64\bin\sunmscapi.dll
Event: 27.886 Loaded shared library C:\Users\carlo\.antigravity\extensions\redhat.java-1.53.0-win32-x64\jre\21.0.10-win32-x86_64\bin\extnet.dll

Deoptimization events (20 events):
Event: 18565.477 Thread 0x000001218c8d11b0 Uncommon trap: trap_request=0xffffff6e fr.pc=0x00000121359bdaac relative=0x000000000000024c
Event: 18565.477 Thread 0x000001218c8d11b0 Uncommon trap: reason=loop_limit_check action=maybe_recompile pc=0x00000121359bdaac method=org.eclipse.jdt.internal.compiler.parser.Parser.flushCommentsDefinedPriorTo(I)I @ 59 c2
Event: 18565.477 Thread 0x000001218c8d11b0 DEOPT PACKING pc=0x00000121359bdaac sp=0x00000014cc7fd170
Event: 18565.479 Thread 0x000001218c8d11b0 DEOPT UNPACKING pc=0x00000121341f3aa2 sp=0x00000014cc7fd0f0 mode 2
Event: 18565.528 Thread 0x000001218c8d11b0 DEOPT PACKING pc=0x000001212e9e0997 sp=0x00000014cc7fe430
Event: 18565.529 Thread 0x000001218c8d11b0 DEOPT UNPACKING pc=0x00000121341f4242 sp=0x00000014cc7fd890 mode 0
Event: 18565.670 Thread 0x000001218c8d11b0 DEOPT PACKING pc=0x000001212f69479f sp=0x00000014cc7fe700
Event: 18565.670 Thread 0x000001218c8d11b0 DEOPT UNPACKING pc=0x00000121341f4242 sp=0x00000014cc7fdb48 mode 0
Event: 18566.272 Thread 0x000001218c8d11b0 Uncommon trap: trap_request=0xffffff6e fr.pc=0x00000121359c6114 relative=0x0000000000000e14
Event: 18566.272 Thread 0x000001218c8d11b0 Uncommon trap: reason=loop_limit_check action=maybe_recompile pc=0x00000121359c6114 method=org.eclipse.jdt.internal.compiler.lookup.SourceTypeBinding.getExactMethod([C[Lorg/eclipse/jdt/internal/compiler/lookup/TypeBinding;Lorg/eclipse/jdt/internal/compile
Event: 18566.272 Thread 0x000001218c8d11b0 DEOPT PACKING pc=0x00000121359c6114 sp=0x00000014cc7fe180
Event: 18566.273 Thread 0x000001218c8d11b0 DEOPT UNPACKING pc=0x00000121341f3aa2 sp=0x00000014cc7fe100 mode 2
Event: 18566.361 Thread 0x000001218c8d11b0 Uncommon trap: trap_request=0xffffff6e fr.pc=0x00000121359e7118 relative=0x0000000000000ad8
Event: 18566.361 Thread 0x000001218c8d11b0 Uncommon trap: reason=loop_limit_check action=maybe_recompile pc=0x00000121359e7118 method=org.eclipse.jdt.internal.compiler.lookup.BinaryTypeBinding.getMethods([CI)[Lorg/eclipse/jdt/internal/compiler/lookup/MethodBinding; @ 150 c2
Event: 18566.361 Thread 0x000001218c8d11b0 DEOPT PACKING pc=0x00000121359e7118 sp=0x00000014cc7fdd50
Event: 18566.361 Thread 0x000001218c8d11b0 DEOPT UNPACKING pc=0x00000121341f3aa2 sp=0x00000014cc7fdcc8 mode 2
Event: 18566.375 Thread 0x000001218c8d11b0 Uncommon trap: trap_request=0xffffff3d fr.pc=0x00000121359c90e0 relative=0x0000000000000280
Event: 18566.375 Thread 0x000001218c8d11b0 Uncommon trap: reason=unstable_fused_if action=reinterpret pc=0x00000121359c90e0 method=org.eclipse.jdt.internal.compiler.problem.ProblemReporter.computeSeverity(I)I @ 1 c2
Event: 18566.375 Thread 0x000001218c8d11b0 DEOPT PACKING pc=0x00000121359c90e0 sp=0x00000014cc7fe890
Event: 18566.375 Thread 0x000001218c8d11b0 DEOPT UNPACKING pc=0x00000121341f3aa2 sp=0x00000014cc7fe818 mode 2

Classes loaded (20 events):
Event: 414.499 Loading class org/xml/sax/SAXNotRecognizedException
Event: 414.502 Loading class org/xml/sax/SAXNotRecognizedException done
Event: 414.502 Loading class org/xml/sax/SAXNotSupportedException
Event: 414.502 Loading class org/xml/sax/SAXNotSupportedException done
Event: 414.510 Loading class com/sun/org/apache/xerces/internal/util/URI
Event: 414.519 Loading class com/sun/org/apache/xerces/internal/util/URI done
Event: 414.533 Loading class com/sun/org/apache/xerces/internal/xni/XNIException
Event: 414.534 Loading class com/sun/org/apache/xerces/internal/xni/XNIException done
Event: 414.551 Loading class com/sun/org/apache/xerces/internal/xni/parser/XMLParseException
Event: 414.552 Loading class com/sun/org/apache/xerces/internal/xni/parser/XMLParseException done
Event: 418.184 Loading class jdk/internal/module/IllegalAccessLogger
Event: 418.184 Loading class jdk/internal/module/IllegalAccessLogger done
Event: 1542.461 Loading class java/nio/BufferMismatch
Event: 1542.481 Loading class java/nio/BufferMismatch done
Event: 5046.400 Loading class jdk/internal/module/IllegalAccessLogger
Event: 5046.402 Loading class jdk/internal/module/IllegalAccessLogger done
Event: 15904.915 Loading class jdk/internal/module/IllegalAccessLogger
Event: 15904.917 Loading class jdk/internal/module/IllegalAccessLogger done
Event: 15921.182 Loading class jdk/internal/module/IllegalAccessLogger
Event: 15921.182 Loading class jdk/internal/module/IllegalAccessLogger done

Classes unloaded (20 events):
Event: 25.540 Thread 0x0000012129b2cb90 Unloading class 0x00000121421ac000 'java/lang/invoke/LambdaForm$BMH+0x00000121421ac000'
Event: 25.540 Thread 0x0000012129b2cb90 Unloading class 0x00000121421abc00 'java/lang/invoke/LambdaForm$DMH+0x00000121421abc00'
Event: 25.540 Thread 0x0000012129b2cb90 Unloading class 0x00000121421aa800 'java/lang/invoke/LambdaForm$DMH+0x00000121421aa800'
Event: 27.068 Thread 0x0000012129b2cb90 Unloading class 0x0000012142319000 'java/lang/invoke/LambdaForm$MH+0x0000012142319000'
Event: 27.068 Thread 0x0000012129b2cb90 Unloading class 0x0000012142318800 'java/lang/invoke/LambdaForm$MH+0x0000012142318800'
Event: 27.068 Thread 0x0000012129b2cb90 Unloading class 0x0000012142318400 'java/lang/invoke/LambdaForm$MH+0x0000012142318400'
Event: 27.068 Thread 0x0000012129b2cb90 Unloading class 0x0000012142317800 'java/lang/invoke/LambdaForm$MH+0x0000012142317800'
Event: 27.068 Thread 0x0000012129b2cb90 Unloading class 0x0000012142317400 'java/lang/invoke/LambdaForm$DMH+0x0000012142317400'
Event: 27.068 Thread 0x0000012129b2cb90 Unloading class 0x0000012142313400 'java/lang/invoke/LambdaForm$MH+0x0000012142313400'
Event: 27.068 Thread 0x0000012129b2cb90 Unloading class 0x0000012142312c00 'java/lang/invoke/LambdaForm$MH+0x0000012142312c00'
Event: 27.068 Thread 0x0000012129b2cb90 Unloading class 0x0000012142312400 'java/lang/invoke/LambdaForm$MH+0x0000012142312400'
Event: 27.068 Thread 0x0000012129b2cb90 Unloading class 0x0000012142311c00 'java/lang/invoke/LambdaForm$MH+0x0000012142311c00'
Event: 27.068 Thread 0x0000012129b2cb90 Unloading class 0x0000012142311400 'java/lang/invoke/LambdaForm$MH+0x0000012142311400'
Event: 27.068 Thread 0x0000012129b2cb90 Unloading class 0x0000012142311000 'java/lang/invoke/LambdaForm$MH+0x0000012142311000'
Event: 27.068 Thread 0x0000012129b2cb90 Unloading class 0x0000012142310400 'java/lang/invoke/LambdaForm$MH+0x0000012142310400'
Event: 27.068 Thread 0x0000012129b2cb90 Unloading class 0x0000012142310000 'java/lang/invoke/LambdaForm$MH+0x0000012142310000'
Event: 44.868 Thread 0x0000012129b2cb90 Unloading class 0x0000012142688800 'java/lang/invoke/LambdaForm$DMH+0x0000012142688800'
Event: 44.868 Thread 0x0000012129b2cb90 Unloading class 0x0000012142688400 'java/lang/invoke/LambdaForm$DMH+0x0000012142688400'
Event: 44.868 Thread 0x0000012129b2cb90 Unloading class 0x0000012142688000 'java/lang/invoke/LambdaForm$DMH+0x0000012142688000'
Event: 44.868 Thread 0x0000012129b2cb90 Unloading class 0x0000012142681c00 'java/lang/invoke/LambdaForm$DMH+0x0000012142681c00'

Classes redefined (0 events):
No events

Internal exceptions (20 events):
Event: 423.556 Thread 0x000001218dfb9970 Exception <a 'sun/nio/fs/WindowsException'{0x00000000d5979830}> (0x00000000d5979830) 
thrown [s\src\hotspot\share\prims\jni.cpp, line 520]
Event: 423.567 Thread 0x000001218dfb9970 Exception <a 'sun/nio/fs/WindowsException'{0x00000000d597b550}> (0x00000000d597b550) 
thrown [s\src\hotspot\share\prims\jni.cpp, line 520]
Event: 423.575 Thread 0x000001218dfb9970 Exception <a 'sun/nio/fs/WindowsException'{0x00000000d597d278}> (0x00000000d597d278) 
thrown [s\src\hotspot\share\prims\jni.cpp, line 520]
Event: 715.079 Thread 0x0000012187b78b50 Exception <a 'sun/nio/fs/WindowsException'{0x00000000d5960e88}> (0x00000000d5960e88) 
thrown [s\src\hotspot\share\prims\jni.cpp, line 520]
Event: 715.083 Thread 0x0000012187b78b50 Exception <a 'sun/nio/fs/WindowsException'{0x00000000d5961a78}> (0x00000000d5961a78) 
thrown [s\src\hotspot\share\prims\jni.cpp, line 520]
Event: 1541.664 Thread 0x0000012187b78b50 Exception <a 'java/lang/NoSuchMethodError'{0x00000000d57b32f8}: 'int java.lang.invoke.DirectMethodHandle$Holder.invokeStatic(java.lang.Object, java.lang.Object, java.lang.Object, java.lang.Object, java.lang.Object, java.lang.Object)'> (0x00000000d57b32f8) 
thrown [s\src\hotspot\share\interpreter\linkResolver.cpp, line 773]
Event: 1841.303 Thread 0x000001218c8d0490 Exception <a 'sun/nio/fs/WindowsException'{0x00000000d57de2d8}> (0x00000000d57de2d8) 
thrown [s\src\hotspot\share\prims\jni.cpp, line 520]
Event: 1841.310 Thread 0x000001218c8d0490 Exception <a 'sun/nio/fs/WindowsException'{0x00000000d57def08}> (0x00000000d57def08) 
thrown [s\src\hotspot\share\prims\jni.cpp, line 520]
Event: 5045.419 Thread 0x0000012187b77e30 Implicit null exception at 0x00000121352e7744 to 0x00000121352e93f4
Event: 5045.839 Thread 0x0000012187b77e30 Exception <a 'sun/nio/fs/WindowsException'{0x00000000d5581f40}> (0x00000000d5581f40) 
thrown [s\src\hotspot\share\prims\jni.cpp, line 520]
Event: 5048.132 Thread 0x000001218c8d0490 Implicit null exception at 0x000001213561d9b9 to 0x000001213561e604
Event: 5048.133 Thread 0x000001218c8d0490 Implicit null exception at 0x00000121355fcea4 to 0x00000121355fd0a8
Event: 5345.582 Thread 0x000001218c8d11b0 Exception <a 'sun/nio/fs/WindowsException'{0x00000000d565ea08}> (0x00000000d565ea08) 
thrown [s\src\hotspot\share\prims\jni.cpp, line 520]
Event: 5345.585 Thread 0x000001218c8d11b0 Exception <a 'sun/nio/fs/WindowsException'{0x00000000d565f5f8}> (0x00000000d565f5f8) 
thrown [s\src\hotspot\share\prims\jni.cpp, line 520]
Event: 15895.254 Thread 0x0000012187b77e30 Exception <a 'sun/nio/fs/WindowsException'{0x00000000d5724a30}> (0x00000000d5724a30) 
thrown [s\src\hotspot\share\prims\jni.cpp, line 520]
Event: 15897.441 Thread 0x0000012187b77e30 Exception <a 'sun/nio/fs/WindowsException'{0x00000000d5669318}> (0x00000000d5669318) 
thrown [s\src\hotspot\share\prims\jni.cpp, line 520]
Event: 15920.590 Thread 0x0000012187b77e30 Exception <a 'sun/nio/fs/WindowsException'{0x00000000d56d4228}> (0x00000000d56d4228) 
thrown [s\src\hotspot\share\prims\jni.cpp, line 520]
Event: 15921.204 Thread 0x0000012187b77e30 Exception <a 'sun/nio/fs/WindowsException'{0x00000000d572a3f0}> (0x00000000d572a3f0) 
thrown [s\src\hotspot\share\prims\jni.cpp, line 520]
Event: 16195.856 Thread 0x000001218dfb5140 Exception <a 'sun/nio/fs/WindowsException'{0x00000000d627e270}> (0x00000000d627e270) 
thrown [s\src\hotspot\share\prims\jni.cpp, line 520]
Event: 16195.861 Thread 0x000001218dfb5140 Exception <a 'sun/nio/fs/WindowsException'{0x00000000d627ebe0}> (0x00000000d627ebe0) 
thrown [s\src\hotspot\share\prims\jni.cpp, line 520]

ZGC Phase Switch (0 events):
No events

VM Operations (20 events):
Event: 19963.687 Executing non-safepoint VM operation: HandshakeAllThreads (HandshakeForDeflation)
Event: 19963.775 Executing non-safepoint VM operation: HandshakeAllThreads (HandshakeForDeflation) done
Event: 19963.776 Executing non-safepoint VM operation: RendezvousGCThreads
Event: 19963.776 Executing non-safepoint VM operation: RendezvousGCThreads done
Event: 20023.851 Executing non-safepoint VM operation: HandshakeAllThreads (HandshakeForDeflation)
Event: 20023.931 Executing non-safepoint VM operation: HandshakeAllThreads (HandshakeForDeflation) done
Event: 20023.932 Executing non-safepoint VM operation: RendezvousGCThreads
Event: 20023.932 Executing non-safepoint VM operation: RendezvousGCThreads done
Event: 20083.848 Executing non-safepoint VM operation: HandshakeAllThreads (HandshakeForDeflation)
Event: 20083.854 Executing non-safepoint VM operation: HandshakeAllThreads (HandshakeForDeflation) done
Event: 20083.854 Executing non-safepoint VM operation: RendezvousGCThreads
Event: 20083.854 Executing non-safepoint VM operation: RendezvousGCThreads done
Event: 20144.000 Executing non-safepoint VM operation: HandshakeAllThreads (HandshakeForDeflation)
Event: 20144.003 Executing non-safepoint VM operation: HandshakeAllThreads (HandshakeForDeflation) done
Event: 20144.003 Executing non-safepoint VM operation: RendezvousGCThreads
Event: 20144.003 Executing non-safepoint VM operation: RendezvousGCThreads done
Event: 20204.174 Executing non-safepoint VM operation: HandshakeAllThreads (HandshakeForDeflation)
Event: 20204.179 Executing non-safepoint VM operation: HandshakeAllThreads (HandshakeForDeflation) done
Event: 20204.179 Executing non-safepoint VM operation: RendezvousGCThreads
Event: 20204.179 Executing non-safepoint VM operation: RendezvousGCThreads done

Memory protections (0 events):
No events

Nmethod flushes (20 events):
Event: 421.229 Thread 0x0000012129b2cb90 flushing  nmethod 0x000001212df13e10
Event: 421.229 Thread 0x0000012129b2cb90 flushing  nmethod 0x000001212df46790
Event: 421.229 Thread 0x0000012129b2cb90 flushing  nmethod 0x000001212df62210
Event: 421.229 Thread 0x0000012129b2cb90 flushing  nmethod 0x000001212df94110
Event: 421.229 Thread 0x0000012129b2cb90 flushing  nmethod 0x000001212dfae110
Event: 421.230 Thread 0x0000012129b2cb90 flushing  nmethod 0x000001212dfd6090
Event: 421.230 Thread 0x0000012129b2cb90 flushing  nmethod 0x000001212dff6b10
Event: 421.230 Thread 0x0000012129b2cb90 flushing  nmethod 0x000001212e002990
Event: 421.230 Thread 0x0000012129b2cb90 flushing  nmethod 0x000001212e006e10
Event: 421.230 Thread 0x0000012129b2cb90 flushing  nmethod 0x000001212e054010
Event: 421.230 Thread 0x0000012129b2cb90 flushing  nmethod 0x000001212e054490
Event: 421.230 Thread 0x0000012129b2cb90 flushing  nmethod 0x000001212e055510
Event: 421.230 Thread 0x0000012129b2cb90 flushing  nmethod 0x000001212e056e90
Event: 421.230 Thread 0x0000012129b2cb90 flushing  nmethod 0x000001212e093410
Event: 421.230 Thread 0x0000012129b2cb90 flushing  nmethod 0x000001212e0c0510
Event: 421.230 Thread 0x0000012129b2cb90 flushing  nmethod 0x000001212e0c0990
Event: 421.230 Thread 0x0000012129b2cb90 flushing  nmethod 0x000001212e0df890
Event: 421.230 Thread 0x0000012129b2cb90 flushing  nmethod 0x000001212e0ea490
Event: 421.230 Thread 0x0000012129b2cb90 flushing  nmethod 0x000001212e0f2d90
Event: 421.231 Thread 0x0000012129b2cb90 flushing  nmethod 0x000001212e0ff710

Events (20 events):
Event: 15921.231 Thread 0x0000012140515750 Thread added: 0x0000012188c935c0
Event: 15924.904 Thread 0x0000012188c935c0 Thread exited: 0x0000012188c935c0
Event: 15927.710 Thread 0x00000121404eca90 Thread added: 0x0000012188c90ce0
Event: 15928.482 Thread 0x0000012188c90ce0 Thread exited: 0x0000012188c90ce0
Event: 15928.493 Thread 0x00000121404eca90 Thread added: 0x0000012188c91a80
Event: 15928.530 Thread 0x0000012188c91a80 Thread added: 0x0000012188c92150
Event: 15935.894 Thread 0x0000012188c92150 Thread exited: 0x0000012188c92150
Event: 15939.885 Thread 0x0000012188c91a80 Thread exited: 0x0000012188c91a80
Event: 15981.638 Thread 0x000001218dfba000 Thread exited: 0x000001218dfba000
Event: 15982.414 Thread 0x000001218dfb7f30 Thread exited: 0x000001218dfb7f30
Event: 15982.414 Thread 0x000001218dfb85c0 Thread exited: 0x000001218dfb85c0
Event: 15989.826 Thread 0x000001218dfb9970 Thread exited: 0x000001218dfb9970
Event: 16195.751 Thread 0x000001218dfb5140 Thread added: 0x000001218b1abf00
Event: 16195.770 Thread 0x000001218b1abf00 Thread exited: 0x000001218b1abf00
Event: 16195.878 Thread 0x000001218dfb5140 Thread added: 0x000001218b1ad2b0
Event: 16195.879 Thread 0x000001218b1ad2b0 Thread exited: 0x000001218b1ad2b0
Event: 16197.153 Thread 0x000001218dfb7210 Thread exited: 0x000001218dfb7210
Event: 16220.781 Thread 0x000001218dfb8c50 Thread exited: 0x000001218dfb8c50
Event: 18565.699 Thread 0x0000012140515750 Thread added: 0x0000012188c935c0
Event: 18571.560 Thread 0x0000012188c935c0 Thread exited: 0x0000012188c935c0


Dynamic libraries:
0x00007ff6f02a0000 - 0x00007ff6f02ae000 	c:\Users\carlo\.antigravity\extensions\redhat.java-1.53.0-win32-x64\jre\21.0.10-win32-x86_64\bin\java.exe
0x00007ffcd8440000 - 0x00007ffcd86a7000 	C:\Windows\SYSTEM32\ntdll.dll
0x00007ffcd72c0000 - 0x00007ffcd7389000 	C:\Windows\System32\KERNEL32.DLL
0x00007ffcd59a0000 - 0x00007ffcd5d91000 	C:\Windows\System32\KERNELBASE.dll
0x00007ffcd5e60000 - 0x00007ffcd5fab000 	C:\Windows\System32\ucrtbase.dll
0x00007ffcbe060000 - 0x00007ffcbe07e000 	c:\Users\carlo\.antigravity\extensions\redhat.java-1.53.0-win32-x64\jre\21.0.10-win32-x86_64\bin\VCRUNTIME140.dll
0x00007ffcbd3c0000 - 0x00007ffcbd3d8000 	c:\Users\carlo\.antigravity\extensions\redhat.java-1.53.0-win32-x64\jre\21.0.10-win32-x86_64\bin\jli.dll
0x00007ffcd7090000 - 0x00007ffcd7255000 	C:\Windows\System32\USER32.dll
0x00007ffcc4200000 - 0x00007ffcc4493000 	C:\Windows\WinSxS\amd64_microsoft.windows.common-controls_6595b64144ccf1df_6.0.26100.8037_none_3e092faae333b53b\COMCTL32.dll
0x00007ffcd5e30000 - 0x00007ffcd5e57000 	C:\Windows\System32\win32u.dll
0x00007ffcd7ce0000 - 0x00007ffcd7d89000 	C:\Windows\System32\msvcrt.dll
0x00007ffcd75d0000 - 0x00007ffcd75fb000 	C:\Windows\System32\GDI32.dll
0x00007ffcd5870000 - 0x00007ffcd599b000 	C:\Windows\System32\gdi32full.dll
0x00007ffcd4e90000 - 0x00007ffcd4f33000 	C:\Windows\System32\msvcp_win.dll
0x00007ffcd7260000 - 0x00007ffcd7291000 	C:\Windows\System32\IMM32.DLL
0x00007ffcc74b0000 - 0x00007ffcc74bc000 	c:\Users\carlo\.antigravity\extensions\redhat.java-1.53.0-win32-x64\jre\21.0.10-win32-x86_64\bin\vcruntime140_1.dll
0x00007ffca2860000 - 0x00007ffca28ed000 	c:\Users\carlo\.antigravity\extensions\redhat.java-1.53.0-win32-x64\jre\21.0.10-win32-x86_64\bin\msvcp140.dll
0x00007ffc01e90000 - 0x00007ffc02c31000 	c:\Users\carlo\.antigravity\extensions\redhat.java-1.53.0-win32-x64\jre\21.0.10-win32-x86_64\bin\server\jvm.dll
0x00007ffcd7410000 - 0x00007ffcd74cb000 	C:\Windows\System32\ADVAPI32.dll
0x00007ffcd7c20000 - 0x00007ffcd7cc7000 	C:\Windows\System32\sechost.dll
0x00007ffcd6ba0000 - 0x00007ffcd6cb8000 	C:\Windows\System32\RPCRT4.dll
0x00007ffcd6cc0000 - 0x00007ffcd6d34000 	C:\Windows\System32\WS2_32.dll
0x00007ffcd4710000 - 0x00007ffcd476e000 	C:\Windows\SYSTEM32\POWRPROF.dll
0x00007ffccd880000 - 0x00007ffccd8b5000 	C:\Windows\SYSTEM32\WINMM.dll
0x00007ffcce990000 - 0x00007ffcce99b000 	C:\Windows\SYSTEM32\VERSION.dll
0x00007ffcd46f0000 - 0x00007ffcd4704000 	C:\Windows\SYSTEM32\UMPDC.dll
0x00007ffcd3ab0000 - 0x00007ffcd3acb000 	C:\Windows\SYSTEM32\kernel.appcore.dll
0x00007ffcc6d20000 - 0x00007ffcc6d2a000 	c:\Users\carlo\.antigravity\extensions\redhat.java-1.53.0-win32-x64\jre\21.0.10-win32-x86_64\bin\jimage.dll
0x00007ffcc9a40000 - 0x00007ffcc9c82000 	C:\Windows\SYSTEM32\DBGHELP.DLL
0x00007ffcd76f0000 - 0x00007ffcd7a72000 	C:\Windows\System32\combase.dll
0x00007ffcd61e0000 - 0x00007ffcd62b7000 	C:\Windows\System32\OLEAUT32.dll
0x00007ffcc8130000 - 0x00007ffcc816b000 	C:\Windows\SYSTEM32\dbgcore.DLL
0x00007ffcd5fb0000 - 0x00007ffcd6055000 	C:\Windows\System32\bcryptPrimitives.dll
0x00007ffcc30d0000 - 0x00007ffcc30df000 	c:\Users\carlo\.antigravity\extensions\redhat.java-1.53.0-win32-x64\jre\21.0.10-win32-x86_64\bin\instrument.dll
0x00007ffcbd2f0000 - 0x00007ffcbd310000 	c:\Users\carlo\.antigravity\extensions\redhat.java-1.53.0-win32-x64\jre\21.0.10-win32-x86_64\bin\java.dll
0x00007ffcd62c0000 - 0x00007ffcd6a1f000 	C:\Windows\System32\SHELL32.dll
0x00007ffcd4d20000 - 0x00007ffcd4e8a000 	C:\Windows\System32\wintypes.dll
0x00007ffcd5000000 - 0x00007ffcd5864000 	C:\Windows\System32\windows.storage.dll
0x00007ffcd74d0000 - 0x00007ffcd75c7000 	C:\Windows\System32\SHCORE.dll
0x00007ffcd6dc0000 - 0x00007ffcd6e27000 	C:\Windows\System32\shlwapi.dll
0x00007ffcd4c10000 - 0x00007ffcd4c39000 	C:\Windows\SYSTEM32\profapi.dll
0x00007ffcbb200000 - 0x00007ffcbb218000 	c:\Users\carlo\.antigravity\extensions\redhat.java-1.53.0-win32-x64\jre\21.0.10-win32-x86_64\bin\zip.dll
0x00007ffcc23e0000 - 0x00007ffcc23f0000 	C:\Users\carlo\.antigravity\extensions\redhat.java-1.53.0-win32-x64\jre\21.0.10-win32-x86_64\bin\net.dll
0x00007ffcce730000 - 0x00007ffcce857000 	C:\Windows\SYSTEM32\WINHTTP.dll
0x00007ffcd4020000 - 0x00007ffcd408b000 	C:\Windows\system32\mswsock.dll
0x00007ffcb86c0000 - 0x00007ffcb86d6000 	C:\Users\carlo\.antigravity\extensions\redhat.java-1.53.0-win32-x64\jre\21.0.10-win32-x86_64\bin\nio.dll
0x00007ffcbdd30000 - 0x00007ffcbdd40000 	c:\Users\carlo\.antigravity\extensions\redhat.java-1.53.0-win32-x64\jre\21.0.10-win32-x86_64\bin\verify.dll
0x00007ffcbcc10000 - 0x00007ffcbcc55000 	C:\Users\carlo\AppData\Roaming\Antigravity\User\globalStorage\redhat.java\1.53.0\config_win\org.eclipse.equinox.launcher\org.eclipse.equinox.launcher.win32.win32.x86_64_1.3.0.v20260203-2149\eclipse_11919.dll
0x00007ffcd7a80000 - 0x00007ffcd7c15000 	C:\Windows\System32\ole32.dll
0x00007ffcbe130000 - 0x00007ffcbe13a000 	C:\Users\carlo\.antigravity\extensions\redhat.java-1.53.0-win32-x64\jre\21.0.10-win32-x86_64\bin\management.dll
0x00007ffcbe120000 - 0x00007ffcbe12c000 	C:\Users\carlo\.antigravity\extensions\redhat.java-1.53.0-win32-x64\jre\21.0.10-win32-x86_64\bin\management_ext.dll
0x00007ffcd7030000 - 0x00007ffcd7038000 	C:\Windows\System32\PSAPI.DLL
0x00007ffcd4300000 - 0x00007ffcd431b000 	C:\Windows\SYSTEM32\CRYPTSP.dll
0x00007ffcd3a10000 - 0x00007ffcd3a49000 	C:\Windows\system32\rsaenh.dll
0x00007ffcd40d0000 - 0x00007ffcd4102000 	C:\Windows\SYSTEM32\USERENV.dll
0x00007ffcd4c40000 - 0x00007ffcd4c6a000 	C:\Windows\SYSTEM32\bcrypt.dll
0x00007ffcd4320000 - 0x00007ffcd432c000 	C:\Windows\SYSTEM32\CRYPTBASE.dll
0x00007ffcd33e0000 - 0x00007ffcd3413000 	C:\Windows\SYSTEM32\IPHLPAPI.DLL
0x00007ffcd6a30000 - 0x00007ffcd6a3a000 	C:\Windows\System32\NSI.dll
0x00007ffca16e0000 - 0x00007ffca1729000 	C:\Users\carlo\AppData\Local\Temp\jna-94431319\jna2416651273249451613.dll
0x00007ffcce9b0000 - 0x00007ffcce9cd000 	C:\Windows\SYSTEM32\dhcpcsvc6.DLL
0x00007ffcce700000 - 0x00007ffcce723000 	C:\Windows\SYSTEM32\dhcpcsvc.DLL
0x00007ffcbe0b0000 - 0x00007ffcbe0be000 	C:\Users\carlo\.antigravity\extensions\redhat.java-1.53.0-win32-x64\jre\21.0.10-win32-x86_64\bin\sunmscapi.dll
0x00007ffcd6060000 - 0x00007ffcd61d7000 	C:\Windows\System32\CRYPT32.dll
0x00007ffcd4590000 - 0x00007ffcd45c0000 	C:\Windows\SYSTEM32\ncrypt.dll
0x00007ffcd4540000 - 0x00007ffcd457f000 	C:\Windows\SYSTEM32\NTASN1.dll
0x00007ffcd3500000 - 0x00007ffcd362a000 	C:\Windows\SYSTEM32\DNSAPI.dll
0x00007ffccaa80000 - 0x00007ffccaa8b000 	C:\Windows\System32\rasadhlp.dll
0x00007ffccdce0000 - 0x00007ffccdd66000 	C:\Windows\System32\fwpuclnt.dll
0x00007ffcbe0a0000 - 0x00007ffcbe0a9000 	C:\Users\carlo\.antigravity\extensions\redhat.java-1.53.0-win32-x64\jre\21.0.10-win32-x86_64\bin\extnet.dll
0x00007ffcd3bd0000 - 0x00007ffcd3c06000 	C:\Windows\SYSTEM32\ntmarta.dll

JVMTI agents:
c:\Users\carlo\.antigravity\extensions\redhat.java-1.53.0-win32-x64\lombok\lombok-1.18.39-4050.jar path:c:\Users\carlo\.antigravity\extensions\redhat.java-1.53.0-win32-x64\jre\21.0.10-win32-x86_64\bin\instrument.dll, loaded, initialized, instrumentlib options:none

dbghelp: loaded successfully - version: 4.0.5 - missing functions: none
symbol engine: initialized successfully - sym options: 0x614 - pdb path: .;c:\Users\carlo\.antigravity\extensions\redhat.java-1.53.0-win32-x64\jre\21.0.10-win32-x86_64\bin;C:\Windows\SYSTEM32;C:\Windows\WinSxS\amd64_microsoft.windows.common-controls_6595b64144ccf1df_6.0.26100.8037_none_3e092faae333b53b;c:\Users\carlo\.antigravity\extensions\redhat.java-1.53.0-win32-x64\jre\21.0.10-win32-x86_64\bin\server;C:\Users\carlo\AppData\Roaming\Antigravity\User\globalStorage\redhat.java\1.53.0\config_win\org.eclipse.equinox.launcher\org.eclipse.equinox.launcher.win32.win32.x86_64_1.3.0.v20260203-2149;C:\Users\carlo\AppData\Local\Temp\jna-94431319

VM Arguments:
jvm_args: --add-modules=ALL-SYSTEM --add-opens=java.base/java.util=ALL-UNNAMED --add-opens=java.base/java.lang=ALL-UNNAMED --add-opens=java.base/sun.nio.fs=ALL-UNNAMED -Declipse.application=org.eclipse.jdt.ls.core.id1 -Dosgi.bundles.defaultStartLevel=4 -Declipse.product=org.eclipse.jdt.ls.core.product -Djava.import.generatesMetadataFilesAtProjectRoot=false -DDetectVMInstallationsJob.disabled=true -Dfile.encoding=utf8 -XX:+UseParallelGC -XX:GCTimeRatio=4 -XX:AdaptiveSizePolicyWeight=90 -Dsun.zip.disableMemoryMapping=true -Xmx2G -Xms100m -Xlog:disable -javaagent:c:\Users\carlo\.antigravity\extensions\redhat.java-1.53.0-win32-x64\lombok\lombok-1.18.39-4050.jar -XX:+HeapDumpOnOutOfMemoryError -XX:HeapDumpPath=c:\Users\carlo\AppData\Roaming\Antigravity\User\workspaceStorage\a414fef71711c9455840b2ba5048b7ea\redhat.java -Daether.dependencyCollector.impl=bf 
java_command: c:\Users\carlo\.antigravity\extensions\redhat.java-1.53.0-win32-x64\server\plugins\org.eclipse.equinox.launcher_1.7.100.v20251111-0406.jar -configuration c:\Users\carlo\AppData\Roaming\Antigravity\User\globalStorage\redhat.java\1.53.0\config_win -data c:\Users\carlo\AppData\Roaming\Antigravity\User\workspaceStorage\a414fef71711c9455840b2ba5048b7ea\redhat.java\jdt_ws --pipe=\\.\pipe\lsp-d2d18d17848bd42771f1fa74f9fc0867-sock
java_class_path (initial): c:\Users\carlo\.antigravity\extensions\redhat.java-1.53.0-win32-x64\server\plugins\org.eclipse.equinox.launcher_1.7.100.v20251111-0406.jar
Launcher Type: SUN_STANDARD

[Global flags]
    uintx AdaptiveSizePolicyWeight                 = 90                                        {product} {command line}
     intx CICompilerCount                          = 4                                         {product} {ergonomic}
    uintx GCTimeRatio                              = 4                                         {product} {command line}
     bool HeapDumpOnOutOfMemoryError               = true                                   {manageable} {command line}
    ccstr HeapDumpPath                             = c:\Users\carlo\AppData\Roaming\Antigravity\User\workspaceStorage\a414fef71711c9455840b2ba5048b7ea\redhat.java         {manageable} {command line}
   size_t InitialHeapSize                          = 104857600                                 {product} {command line}
   size_t MaxHeapSize                              = 2147483648                                {product} {command line}
   size_t MaxNewSize                               = 715653120                                 {product} {ergonomic}
   size_t MinHeapDeltaBytes                        = 524288                                    {product} {ergonomic}
   size_t MinHeapSize                              = 104857600                                 {product} {command line}
   size_t NewSize                                  = 34603008                                  {product} {ergonomic}
    uintx NonNMethodCodeHeapSize                   = 5839372                                {pd product} {ergonomic}
    uintx NonProfiledCodeHeapSize                  = 122909434                              {pd product} {ergonomic}
   size_t OldSize                                  = 70254592                                  {product} {ergonomic}
    uintx ProfiledCodeHeapSize                     = 122909434                              {pd product} {ergonomic}
    uintx ReservedCodeCacheSize                    = 251658240                              {pd product} {ergonomic}
     bool SegmentedCodeCache                       = true                                      {product} {ergonomic}
   size_t SoftMaxHeapSize                          = 2147483648                             {manageable} {ergonomic}
     bool UseCompressedOops                        = true                           {product lp64_product} {ergonomic}
     bool UseLargePagesIndividualAllocation        = false                                  {pd product} {ergonomic}
     bool UseParallelGC                            = true                                      {product} {command line}

Logging:
Log output configuration:
 #0: stdout all=off uptime,level,tags foldmultilines=false
 #1: stderr all=off uptime,level,tags foldmultilines=false

Release file:
JAVA_VERSION="21.0.10" 
MODULES="java.base java.compiler java.datatransfer java.xml java.prefs java.desktop java.instrument java.logging java.management java.security.sasl java.naming java.rmi java.management.rmi java.net.http java.scripting java.security.jgss java.transaction.xa java.sql java.sql.rowset java.xml.crypto java.se java.smartcardio jdk.accessibility jdk.internal.jvmstat jdk.attach jdk.charsets jdk.internal.opt jdk.zipfs jdk.compiler jdk.crypto.ec jdk.crypto.cryptoki jdk.crypto.mscapi jdk.dynalink jdk.internal.ed jdk.editpad jdk.hotspot.agent jdk.httpserver jdk.internal.le jdk.internal.vm.ci jdk.internal.vm.compiler jdk.internal.vm.compiler.management jdk.jartool jdk.javadoc jdk.jcmd jdk.management jdk.management.agent jdk.jconsole jdk.jdeps jdk.jdwp.agent jdk.jdi jdk.jfr jdk.jshell jdk.jsobject jdk.jstatd jdk.localedata jdk.management.jfr jdk.naming.dns jdk.naming.rmi jdk.net jdk.nio.mapmode jdk.random jdk.sctp jdk.security.auth jdk.security.jgss jdk.unsupported jdk.unsupported.desktop jdk.xml.dom" 

Environment Variables:
JAVA_HOME=C:\Program Files\Microsoft\jdk-17.0.18.8-hotspot\
PATH=C:\Program Files\Microsoft\jdk-17.0.18.8-hotspot\bin;C:\Program Files\Common Files\Oracle\Java\javapath;C:\Windows\system32;C:\Windows;C:\Windows\System32\Wbem;C:\Windows\System32\WindowsPowerShell\v1.0\;C:\Windows\System32\OpenSSH\;C:\Program Files\Git\cmd;C:\Program Files\Microsoft VS Code\bin;C:\Program Files\cursor\resources\app\bin;C:\Program Files\nodejs\;C:\Program Files\dotnet\;C:\Users\carlo\AppData\Local\Microsoft\WindowsApps;D:\Kiro\bin;D:\Antigravity\bin;C:\Users\carlo\AppData\Roaming\npm;D:\Microsoft VS Code Insiders\bin
USERNAME=carlo
OS=Windows_NT
PROCESSOR_IDENTIFIER=AMD64 Family 23 Model 24 Stepping 1, AuthenticAMD
TMP=C:\Users\carlo\AppData\Local\Temp
TEMP=C:\Users\carlo\AppData\Local\Temp




Periodic native trim disabled

---------------  S Y S T E M  ---------------

OS:
 Windows 11 , 64 bit Build 26100 (10.0.26100.7920)
OS uptime: 1 days 1:01 hours

CPU: total 8 (initial active 8) (8 cores per cpu, 2 threads per core) family 23 model 24 stepping 1 microcode 0x8108109, cx8, cmov, fxsr, ht, mmx, 3dnowpref, sse, sse2, sse3, ssse3, sse4a, sse4.1, sse4.2, popcnt, lzcnt, tsc, tscinvbit, avx, avx2, aes, clmul, bmi1, bmi2, adx, sha, fma, vzeroupper, clflush, clflushopt, rdtscp, f16c
Processor Information for the first 8 processors :
  Max Mhz: 3700, Current Mhz: 3700, Mhz Limit: 3700

Memory: 4k page, system-wide physical 6069M (443M free)
TotalPageFile size 24501M (AvailPageFile size 6M)
current process WorkingSet (physical memory assigned to process): 8M, peak: 1027M
current process commit charge ("private bytes"): 1129M, peak: 1260M

vm_info: OpenJDK 64-Bit Server VM (21.0.10+7-LTS) for windows-amd64 JRE (21.0.10+7-LTS), built on 2026-01-20T00:00:00Z by "admin" with MS VC++ 17.12 (VS2022)

END.
